{"total": {"lines":{"total":724,"covered":452,"skipped":0,"pct":62.43},"statements":{"total":818,"covered":492,"skipped":0,"pct":60.14},"functions":{"total":152,"covered":90,"skipped":0,"pct":59.21},"branches":{"total":670,"covered":276,"skipped":0,"pct":41.19},"branchesTrue":{"total":0,"covered":0,"skipped":0,"pct":100}}
,"/vercel/share/v0-project/backend/src/db/pointsRepository.ts": {"lines":{"total":27,"covered":25,"skipped":0,"pct":92.59},"functions":{"total":3,"covered":3,"skipped":0,"pct":100},"statements":{"total":27,"covered":25,"skipped":0,"pct":92.59},"branches":{"total":26,"covered":23,"skipped":0,"pct":88.46}}
,"/vercel/share/v0-project/backend/src/db/withTransaction.ts": {"lines":{"total":9,"covered":9,"skipped":0,"pct":100},"functions":{"total":1,"covered":1,"skipped":0,"pct":100},"statements":{"total":9,"covered":9,"skipped":0,"pct":100},"branches":{"total":0,"covered":0,"skipped":0,"pct":100}}
,"/vercel/share/v0-project/backend/src/middleware/requireAuth.ts": {"lines":{"total":44,"covered":14,"skipped":0,"pct":31.81},"functions":{"total":5,"covered":2,"skipped":0,"pct":40},"statements":{"total":48,"covered":14,"skipped":0,"pct":29.16},"branches":{"total":41,"covered":13,"skipped":0,"pct":31.7}}
,"/vercel/share/v0-project/backend/src/middleware/validate.ts": {"lines":{"total":19,"covered":17,"skipped":0,"pct":89.47},"functions":{"total":7,"covered":7,"skipped":0,"pct":100},"statements":{"total":23,"covered":21,"skipped":0,"pct":91.3},"branches":{"total":6,"covered":4,"skipped":0,"pct":66.66}}
,"/vercel/share/v0-project/backend/src/middleware/votesRateLimit.ts": {"lines":{"total":30,"covered":23,"skipped":0,"pct":76.66},"functions":{"total":3,"covered":2,"skipped":0,"pct":66.66},"statements":{"total":32,"covered":24,"skipped":0,"pct":75},"branches":{"total":17,"covered":10,"skipped":0,"pct":58.82}}
,"/vercel/share/v0-project/backend/src/routes/aiPlanning.routes.ts": {"lines":{"total":60,"covered":38,"skipped":0,"pct":63.33},"functions":{"total":19,"covered":17,"skipped":0,"pct":89.47},"statements":{"total":76,"covered":48,"skipped":0,"pct":63.15},"branches":{"total":61,"covered":31,"skipped":0,"pct":50.81}}
,"/vercel/share/v0-project/backend/src/routes/points.routes.ts": {"lines":{"total":200,"covered":112,"skipped":0,"pct":56},"functions":{"total":25,"covered":16,"skipped":0,"pct":64},"statements":{"total":208,"covered":116,"skipped":0,"pct":55.76},"branches":{"total":205,"covered":63,"skipped":0,"pct":30.73}}
,"/vercel/share/v0-project/backend/src/routes/votes.routes.ts": {"lines":{"total":73,"covered":47,"skipped":0,"pct":64.38},"functions":{"total":6,"covered":4,"skipped":0,"pct":66.66},"statements":{"total":73,"covered":47,"skipped":0,"pct":64.38},"branches":{"total":57,"covered":21,"skipped":0,"pct":36.84}}
,"/vercel/share/v0-project/backend/src/services/secrets.ts": {"lines":{"total":6,"covered":6,"skipped":0,"pct":100},"functions":{"total":3,"covered":3,"skipped":0,"pct":100},"statements":{"total":6,"covered":6,"skipped":0,"pct":100},"branches":{"total":6,"covered":6,"skipped":0,"pct":100}}
,"/vercel/share/v0-project/backend/src/services/votesCache.ts": {"lines":{"total":19,"covered":15,"skipped":0,"pct":78.94},"functions":{"total":6,"covered":5,"skipped":0,"pct":83.33},"statements":{"total":22,"covered":17,"skipped":0,"pct":77.27},"branches":{"total":17,"covered":10,"skipped":0,"pct":58.82}}
,"/vercel/share/v0-project/backend/src/services/webhookReplayGuard.ts": {"lines":{"total":15,"covered":14,"skipped":0,"pct":93.33},"functions":{"total":3,"covered":3,"skipped":0,"pct":100},"statements":{"total":15,"covered":14,"skipped":0,"pct":93.33},"branches":{"total":8,"covered":6,"skipped":0,"pct":75}}
,"/vercel/share/v0-project/backend/src/validation/schemas.ts": {"lines":{"total":46,"covered":37,"skipped":0,"pct":80.43},"functions":{"total":2,"covered":0,"skipped":0,"pct":0},"statements":{"total":46,"covered":37,"skipped":0,"pct":80.43},"branches":{"total":20,"covered":0,"skipped":0,"pct":0}}
,"/vercel/share/v0-project/src/services/httpClient.ts": {"lines":{"total":30,"covered":5,"skipped":0,"pct":16.66},"functions":{"total":4,"covered":0,"skipped":0,"pct":0},"statements":{"total":34,"covered":5,"skipped":0,"pct":14.7},"branches":{"total":26,"covered":2,"skipped":0,"pct":7.69}}
,"/vercel/share/v0-project/src/services/kanbanService.ts": {"lines":{"total":146,"covered":90,"skipped":0,"pct":61.64},"functions":{"total":65,"covered":27,"skipped":0,"pct":41.53},"statements":{"total":199,"covered":109,"skipped":0,"pct":54.77},"branches":{"total":180,"covered":87,"skipped":0,"pct":48.33}}
}
